<?xml version="1.0" encoding="UTF-8"?>
<!-- Generated by org.testng.reporters.JUnitReportReporter -->
<testsuite hostname="DESKTOP-VC8K4RF" failures="0" tests="1" name="testCases.TC_001_AccountRegistration" time="1.612" errors="0" timestamp="2023-10-02T18:51:57 IST" skipped="0">
  <testcase classname="testCases.TC_001_AccountRegistration" name="test_Account_Reg" time="1.612"/>
</testsuite> <!-- testCases.TC_001_AccountRegistration -->
