<?xml version="1.0" encoding="UTF-8"?>
<!-- Generated by org.testng.reporters.JUnitReportReporter -->
<testsuite hostname="DESKTOP-VC8K4RF" failures="0" tests="1" name="testCases.TC_001_LoginTest" time="1.359" errors="0" timestamp="2023-10-03T15:08:40 IST" skipped="0">
  <testcase classname="testCases.TC_001_LoginTest" name="testLogin" time="1.359"/>
</testsuite> <!-- testCases.TC_001_LoginTest -->
